9/15/2016 3:02:05 PM	This log contains information about the import schema operation into project 'ResourcePlanner.StageData' on computer 'DESKTOP-MJQ957O' by user 'gxrim'.
9/15/2016 3:02:05 PM	Import of database schema has started.
9/15/2016 3:02:12 PM	Gathering database options
9/15/2016 3:02:12 PM	Gathering users
9/15/2016 3:02:12 PM	Gathering roles
9/15/2016 3:02:12 PM	Gathering application roles
9/15/2016 3:02:12 PM	Gathering role memberships
9/15/2016 3:02:12 PM	Gathering filegroups
9/15/2016 3:02:12 PM	Gathering full-text catalogs
9/15/2016 3:02:12 PM	Gathering assemblies
9/15/2016 3:02:12 PM	Gathering certificates
9/15/2016 3:02:12 PM	Gathering asymmetric keys
9/15/2016 3:02:12 PM	Gathering symmetric keys
9/15/2016 3:02:12 PM	Gathering encrypted symmetric keys
9/15/2016 3:02:12 PM	Gathering schemas
9/15/2016 3:02:12 PM	Gathering XML schema collections
9/15/2016 3:02:12 PM	Gathering user-defined data types
9/15/2016 3:02:12 PM	Gathering user-defined types
9/15/2016 3:02:12 PM	Gathering table types
9/15/2016 3:02:12 PM	Gathering unique keys for table types
9/15/2016 3:02:12 PM	Gathering primary keys for table types
9/15/2016 3:02:12 PM	Gathering indexes for table types
9/15/2016 3:02:12 PM	Gathering check constraints for table types
9/15/2016 3:02:12 PM	Gathering default constraints for table types
9/15/2016 3:02:12 PM	Gathering partition functions
9/15/2016 3:02:12 PM	Gathering partition schemes
9/15/2016 3:02:12 PM	Gathering functions
9/15/2016 3:02:12 PM	Gathering encrypted functions
9/15/2016 3:02:12 PM	Gathering aggregates
9/15/2016 3:02:12 PM	Gathering procedures
9/15/2016 3:02:12 PM	Gathering encrypted procedures
9/15/2016 3:02:12 PM	Gathering tables
9/15/2016 3:02:12 PM	Gathering primary keys
9/15/2016 3:02:12 PM	Gathering unique constraints
9/15/2016 3:02:12 PM	Gathering foreign keys
9/15/2016 3:02:13 PM	Gathering default constraints
9/15/2016 3:02:13 PM	Gathering check constraints
9/15/2016 3:02:13 PM	Gathering views
9/15/2016 3:02:13 PM	Gathering encrypted views
9/15/2016 3:02:13 PM	Gathering indexes
9/15/2016 3:02:13 PM	Gathering statistics
9/15/2016 3:02:13 PM	Gathering full-text index stoplists
9/15/2016 3:02:13 PM	Gathering search property lists
9/15/2016 3:02:13 PM	Gathering search properties
9/15/2016 3:02:13 PM	Gathering full-text indexes
9/15/2016 3:02:13 PM	Gathering column store indexes
9/15/2016 3:02:13 PM	Gathering spatial indexes
9/15/2016 3:02:13 PM	Gathering XML indexes
9/15/2016 3:02:13 PM	Gathering Selective XML indexes
9/15/2016 3:02:13 PM	Gathering encrypted triggers
9/15/2016 3:02:13 PM	Gathering triggers
9/15/2016 3:02:13 PM	Gathering encrypted and clr ddl triggers
9/15/2016 3:02:13 PM	Gathering ddl triggers
9/15/2016 3:02:13 PM	Gathering synonyms
9/15/2016 3:02:13 PM	Gathering defaults
9/15/2016 3:02:13 PM	Gathering data constraint uddt bindings
9/15/2016 3:02:13 PM	Gathering rules
9/15/2016 3:02:13 PM	Gathering data constraint uddt bindings
9/15/2016 3:02:13 PM	Gathering message types
9/15/2016 3:02:13 PM	Gathering queues
9/15/2016 3:02:13 PM	Gathering contracts
9/15/2016 3:02:13 PM	Gathering services
9/15/2016 3:02:13 PM	Gathering event notifications
9/15/2016 3:02:13 PM	Gathering remote service bindings
9/15/2016 3:02:13 PM	Gathering broker priorities
9/15/2016 3:02:13 PM	Gathering signatures
9/15/2016 3:02:13 PM	Gathering data compression options
9/15/2016 3:02:13 PM	Gathering sequence types
9/15/2016 3:02:13 PM	Gathering security policies
9/15/2016 3:02:13 PM	Gather column encryption keys
9/15/2016 3:02:13 PM	Gathering column master keys
9/15/2016 3:02:13 PM	Gathering external data sources
9/15/2016 3:02:13 PM	Gathering external file formats
9/15/2016 3:02:13 PM	Gathering external tables
9/15/2016 3:02:13 PM	Gathering database permissions
9/15/2016 3:02:13 PM	Gathering extended properties
9/15/2016 3:02:13 PM	Gathering credentials
9/15/2016 3:02:13 PM	Gathering logins
9/15/2016 3:02:13 PM	Gathering server audits
9/15/2016 3:02:14 PM	Scanning project for duplicate elements
9/15/2016 3:02:14 PM	Finished duplicate element processing
9/15/2016 3:02:14 PM	Finished importing database.
9/15/2016 3:02:14 PM	A summary of the import was saved to the following location: C:\Repos\ResourcePlanner\ResourcePlanner.StageData\Import Schema Logs\ResourcePlanner.Stag_20160915070205.log
9/15/2016 3:02:14 PM	Click Finish to continue...
